{
  "RSpec": {
    "coverage": {
      "/Users/Raefe/Documents/Coding work/Projects/tech_tests/currencycloud_tech_test/spec/coolpay_spec.rb": [
        1,
        null,
        1,
        null,
        2,
        null,
        1,
        1,
        1,
        null,
        null,
        null
      ],
      "/Users/Raefe/Documents/Coding work/Projects/tech_tests/currencycloud_tech_test/lib/coolpay.rb": [
        1,
        1,
        1,
        null,
        1,
        null,
        1,
        1,
        null,
        null,
        1,
        1,
        0,
        0,
        0,
        0,
        null,
        null,
        1,
        0,
        null,
        null,
        null
      ],
      "/Users/Raefe/Documents/Coding work/Projects/tech_tests/currencycloud_tech_test/spec/features/index_spec.rb": [
        1,
        1,
        1,
        1,
        null,
        null
      ]
    },
    "timestamp": 1529407275
  }
}
